Removed Pin From Net: NetName=3V3 Pin=P3-3
Removed Pin From Net: NetName=GND Pin=P3-5
Removed Pin From Net: NetName=GND Pin=U1-5
Removed Pin From Net: NetName=NetR1_2 Pin=U1-8
Removed Pin From Net: NetName=NetR2_2 Pin=U1-9
Removed Pin From Net: NetName=NetC1_2 Pin=U1-10
Removed Pin From Net: NetName=NetC1_2 Pin=U1-11
Removed Pin From Net: NetName=VIN Pin=U1-12
Removed Pin From Net: NetName=GND Pin=U1-13
Change Component Footprint: Designator=U1 Old Footprint=*SSOP16-0.635-5X4MM New Footprint=*SOP63P599X175-20N
Change Component Footprint: Designator=P3 Old Footprint=HDR1X5 New Footprint=HDR1X7
Change Component Comment : Designator=C6 Old Comment=10uF New Comment=10nF
Change Component Comment : Designator=C2 Old Comment=47nF New Comment=47pF
Change Component Comment : Designator=C3 Old Comment=47nF New Comment=47pF
Change Component Comment : Designator=P3 Old Comment=eader 5 New Comment=Header 7
Change Component Comment : Designator=U1 Old Comment=INTERFACE-FT230XS-R(SSOP16) New Comment=FT231XS-R
Change component parameters: Designator = "U1"; Footprint = "*SOP63P599X175-20N"; UniqueID = "\PNHOSFCU"
Change component parameters. Clean all parameters for all variants
Change component parameters (AddParameter): Name = "Digi-Key_Part_Number"; Value = "768-1129-1-ND"; VariantName = "[No Variations]"
Change component parameters (AddParameter): Name = "Digi-Key_Purchase_URL"; Value = "https://www.digikey.com/product-detail/en/ftdi-future-technology-devices-international-ltd/FT231XS-R/768-1129-1-ND/3029151?utm_source=snapeda&utm_medium=aggregator&utm_campaign=symbol"; VariantName = "[No Variations]"
Change component parameters (AddParameter): Name = "MF"; Value = "FTDI,"; VariantName = "[No Variations]"
Change component parameters (AddParameter): Name = "MP"; Value = "FT231XS-R"; VariantName = "[No Variations]"
Change component parameters (AddParameter): Name = "Package"; Value = "SSOP-20 FTDI"; VariantName = "[No Variations]"
Change component parameters (AddParameter): Name = "SnapEDA_Link"; Value = "https://www.snapeda.com/parts/FT231XS-R/FTDI%2C%20Future%20Technology%20Devices%20International%20Ltd/view-part/?ref=snap"; VariantName = "[No Variations]"
Change component parameters (AddParameter): Name = "Value"; Value = ""; VariantName = "[No Variations]"
Added Component: Designator=*(SMT_Button)
Add component. Clean all parameters for all variants
Added Component: Designator=R7(0603)
Add component. Clean all parameters for all variants
Add component (AddParameter): Name = "LatestRevisionDate"; Value = "17-Jul-2002"; VariantName = "[No Variations]"
Add component (AddParameter): Name = "LatestRevisionNote"; Value = "Re-released for DXP Platform."; VariantName = "[No Variations]"
Add component (AddParameter): Name = "PackageDescription"; Value = "Axial Device, Thru-Hole; 2 Leads; 0.3 in Pin Spacing"; VariantName = "[No Variations]"
Add component (AddParameter): Name = "PackageReference"; Value = "AXIAL-0.3"; VariantName = "[No Variations]"
Add component (AddParameter): Name = "Published"; Value = "8-Jun-2000"; VariantName = "[No Variations]"
Add component (AddParameter): Name = "Publisher"; Value = "Altium Limited"; VariantName = "[No Variations]"
Add component (AddParameter): Name = "Value"; Value = "1K"; VariantName = "[No Variations]"
Added Component: Designator=R8(0603)
Add component. Clean all parameters for all variants
Add component (AddParameter): Name = "LatestRevisionDate"; Value = "17-Jul-2002"; VariantName = "[No Variations]"
Add component (AddParameter): Name = "LatestRevisionNote"; Value = "Re-released for DXP Platform."; VariantName = "[No Variations]"
Add component (AddParameter): Name = "PackageDescription"; Value = "Axial Device, Thru-Hole; 2 Leads; 0.3 in Pin Spacing"; VariantName = "[No Variations]"
Add component (AddParameter): Name = "PackageReference"; Value = "AXIAL-0.3"; VariantName = "[No Variations]"
Add component (AddParameter): Name = "Published"; Value = "8-Jun-2000"; VariantName = "[No Variations]"
Add component (AddParameter): Name = "Publisher"; Value = "Altium Limited"; VariantName = "[No Variations]"
Add component (AddParameter): Name = "Value"; Value = "1K"; VariantName = "[No Variations]"
Added Component: Designator=R9(0603)
Add component. Clean all parameters for all variants
Add component (AddParameter): Name = "LatestRevisionDate"; Value = "17-Jul-2002"; VariantName = "[No Variations]"
Add component (AddParameter): Name = "LatestRevisionNote"; Value = "Re-released for DXP Platform."; VariantName = "[No Variations]"
Add component (AddParameter): Name = "PackageDescription"; Value = "Axial Device, Thru-Hole; 2 Leads; 0.3 in Pin Spacing"; VariantName = "[No Variations]"
Add component (AddParameter): Name = "PackageReference"; Value = "AXIAL-0.3"; VariantName = "[No Variations]"
Add component (AddParameter): Name = "Published"; Value = "8-Jun-2000"; VariantName = "[No Variations]"
Add component (AddParameter): Name = "Publisher"; Value = "Altium Limited"; VariantName = "[No Variations]"
Add component (AddParameter): Name = "Value"; Value = "1K"; VariantName = "[No Variations]"
Added Pin To Net: NetName=GND Pin=*-3
Added Pin To Net: NetName=3V3 Pin=P3-4
Added Pin To Net: NetName=GND Pin=P3-6
Added Pin To Net: NetName=3V3 Pin=R7-1
Added Pin To Net: NetName=3V3 Pin=R8-1
Added Pin To Net: NetName=GND Pin=U1-6
Added Pin To Net: NetName=NetR1_2 Pin=U1-11
Added Pin To Net: NetName=NetR2_2 Pin=U1-12
Added Pin To Net: NetName=NetC1_2 Pin=U1-13
Added Pin To Net: NetName=NetC1_2 Pin=U1-14
Added Pin To Net: NetName=VIN Pin=U1-15
Added Pin To Net: NetName=GND Pin=U1-16
Added Pin To Net: NetName=GND Pin=U2-16
Added Pin To Net: NetName=DTR Pin=P3-1
Added Pin To Net: NetName=DTR Pin=U1-1
Added Pin To Net: NetName=DTR Pin=U2-18
Added Net: Name=DTR
Added Pin To Net: NetName=Net*_1 Pin=*-1
Added Pin To Net: NetName=Net*_1 Pin=R9-1
Added Net: Name=Net*_1
Added Pin To Net: NetName=NetR7_2 Pin=R7-2
Added Pin To Net: NetName=NetR7_2 Pin=U2-17
Added Net: Name=NetR7_2
Added Pin To Net: NetName=RST Pin=R9-2
Added Pin To Net: NetName=RST Pin=U2-1
Added Pin To Net: NetName=RST Pin=U2-4
Added Net: Name=RST
Added Pin To Net: NetName=RTS Pin=P3-7
Added Pin To Net: NetName=RTS Pin=R8-2
Added Pin To Net: NetName=RTS Pin=U1-2
Added Pin To Net: NetName=RTS Pin=U2-3
Added Net: Name=RTS
Added Pin To Net: NetName=RX Pin=P3-3
Added Pin To Net: NetName=RX Pin=U1-20
Added Pin To Net: NetName=RX Pin=U2-21
Added Net: Name=RX
Added Pin To Net: NetName=TX Pin=P3-2
Added Pin To Net: NetName=TX Pin=U1-4
Added Pin To Net: NetName=TX Pin=U2-22
Added Net: Name=TX
Added Member To Class: ClassName=ESP-LED-Schematic Member=Component * SMT_Button
Added Member To Class: ClassName=ESP-LED-Schematic Member=Component R7 12K
Added Member To Class: ClassName=ESP-LED-Schematic Member=Component R8 12K
Added Member To Class: ClassName=ESP-LED-Schematic Member=Component R9 1K
